{"message":"Listening on port 3000...","level":"info"}
{"message":"Connected to mongodb://localhost/vidly_test...","level":"info"}
{"level":"info","message":"Listening on port 3000...","timestamp":"2021-04-20T15:10:47.204Z"}
{"level":"info","message":"Connected to mongodb://localhost/vidly_test...","timestamp":"2021-04-20T15:10:47.261Z"}
{"level":"info","message":"Listening on port 3000...","timestamp":"2021-04-20T15:11:13.735Z"}
{"level":"info","message":"Connected to mongodb://localhost/vidly_test...","timestamp":"2021-04-20T15:11:13.794Z"}
{"level":"info","message":"Listening on port 3000...","timestamp":"2021-04-20T15:34:56.040Z"}
{"level":"info","message":"Connected to mongodb://localhost/vidly_test...","timestamp":"2021-04-20T15:34:56.106Z"}
{"level":"info","message":"Listening on port 3000...","timestamp":"2021-04-20T15:35:08.837Z"}
{"level":"info","message":"Connected to mongodb://localhost/vidly_test...","timestamp":"2021-04-20T15:35:08.893Z"}
{"level":"info","message":"Listening on port 3000...","timestamp":"2021-04-20T15:36:25.460Z"}
{"level":"info","message":"Connected to mongodb://localhost/vidly_test...","timestamp":"2021-04-20T15:36:25.512Z"}
{"level":"info","message":"Listening on port 3000...","timestamp":"2021-04-20T15:36:44.187Z"}
{"level":"info","message":"Connected to mongodb://localhost/vidly_test...","timestamp":"2021-04-20T15:36:44.231Z"}
{"level":"info","message":"Listening on port 3000...","timestamp":"2021-04-20T15:38:24.682Z"}
{"level":"info","message":"Connected to mongodb://localhost/vidly_test...","timestamp":"2021-04-20T15:38:24.724Z"}
{"level":"info","message":"Listening on port 3000...","timestamp":"2021-04-20T15:40:25.244Z"}
{"level":"info","message":"Connected to mongodb://localhost/vidly_test...","timestamp":"2021-04-20T15:40:25.291Z"}
{"level":"info","message":"Listening on port 3000...","timestamp":"2021-04-20T15:41:11.856Z"}
{"level":"info","message":"Connected to mongodb://localhost/vidly_test...","timestamp":"2021-04-20T15:41:11.902Z"}
{"level":"info","message":"Listening on port 3000...","timestamp":"2021-04-20T15:41:27.490Z"}
{"level":"info","message":"Connected to mongodb://localhost/vidly_test...","timestamp":"2021-04-20T15:41:27.539Z"}
{"level":"info","message":"Listening on port 3000...","timestamp":"2021-04-20T15:42:01.118Z"}
{"level":"info","message":"Connected to mongodb://localhost/vidly_test...","timestamp":"2021-04-20T15:42:01.197Z"}
{"level":"info","message":"Listening on port 3000...","timestamp":"2021-04-20T15:42:33.516Z"}
{"level":"info","message":"Connected to mongodb://localhost/vidly_test...","timestamp":"2021-04-20T15:42:33.560Z"}
{"level":"info","message":"Listening on port 3000...","timestamp":"2021-04-20T15:43:16.255Z"}
{"level":"info","message":"Connected to mongodb://localhost/vidly_test...","timestamp":"2021-04-20T15:43:16.302Z"}
{"level":"info","message":"Listening on port 3000...","timestamp":"2021-04-20T16:18:01.642Z"}
{"level":"info","message":"Connected to mongodb://localhost/vidly_test...","timestamp":"2021-04-20T16:18:01.690Z"}
{"level":"info","message":"Listening on port 3000...","timestamp":"2021-04-20T16:19:23.912Z"}
{"level":"info","message":"Connected to mongodb://localhost/vidly_test...","timestamp":"2021-04-20T16:19:23.960Z"}
{"level":"info","message":"Listening on port 3000...","timestamp":"2021-04-20T16:19:46.008Z"}
{"level":"info","message":"Connected to mongodb://localhost/vidly_test...","timestamp":"2021-04-20T16:19:46.054Z"}
{"level":"info","message":"Listening on port 3000...","timestamp":"2021-04-20T16:20:17.556Z"}
{"level":"info","message":"Connected to mongodb://localhost/vidly_test...","timestamp":"2021-04-20T16:20:17.603Z"}
{"level":"info","message":"Listening on port 3000...","timestamp":"2021-04-20T16:22:58.146Z"}
{"level":"info","message":"Connected to mongodb://localhost/vidly_test...","timestamp":"2021-04-20T16:22:58.193Z"}
{"level":"info","message":"Listening on port 3000...","timestamp":"2021-04-20T16:24:22.736Z"}
{"level":"info","message":"Connected to mongodb://localhost/vidly_test...","timestamp":"2021-04-20T16:24:22.783Z"}
{"level":"info","message":"Listening on port 3000...","timestamp":"2021-04-20T16:38:15.159Z"}
{"level":"info","message":"Connected to mongodb://localhost/vidly_test...","timestamp":"2021-04-20T16:38:15.208Z"}
{"level":"info","message":"Listening on port 3000...","timestamp":"2021-04-20T16:44:42.279Z"}
{"level":"info","message":"Connected to mongodb://localhost/vidly_test...","timestamp":"2021-04-20T16:44:42.325Z"}
{"level":"info","message":"Listening on port 3000...","timestamp":"2021-04-20T16:45:27.190Z"}
{"level":"info","message":"Connected to mongodb://localhost/vidly_test...","timestamp":"2021-04-20T16:45:27.232Z"}
{"level":"info","message":"Listening on port 3000...","timestamp":"2021-04-20T16:46:15.108Z"}
{"level":"info","message":"Connected to mongodb://localhost/vidly_test...","timestamp":"2021-04-20T16:46:15.160Z"}
{"level":"info","message":"Listening on port 3000...","timestamp":"2021-04-20T16:49:43.947Z"}
{"level":"info","message":"Connected to mongodb://localhost/vidly_test...","timestamp":"2021-04-20T16:49:43.996Z"}
{"level":"info","message":"Listening on port 3000...","timestamp":"2021-04-20T16:50:06.363Z"}
{"level":"info","message":"Connected to mongodb://localhost/vidly_test...","timestamp":"2021-04-20T16:50:06.416Z"}
{"level":"info","message":"Listening on port 3000...","timestamp":"2021-04-20T16:50:59.866Z"}
{"level":"info","message":"Connected to mongodb://localhost/vidly_test...","timestamp":"2021-04-20T16:50:59.921Z"}
{"level":"info","message":"Listening on port 3000...","timestamp":"2021-04-20T17:07:48.739Z"}
{"level":"info","message":"Connected to mongodb://localhost/vidly_test...","timestamp":"2021-04-20T17:07:48.797Z"}
{"level":"info","message":"Listening on port 3000...","timestamp":"2021-04-20T17:08:01.561Z"}
{"level":"info","message":"Connected to mongodb://localhost/vidly_test...","timestamp":"2021-04-20T17:08:01.592Z"}
{"level":"info","message":"Listening on port 3000...","timestamp":"2021-04-20T17:08:24.526Z"}
{"level":"info","message":"Connected to mongodb://localhost/vidly_test...","timestamp":"2021-04-20T17:08:24.559Z"}
{"level":"info","message":"Listening on port 3000...","timestamp":"2021-04-20T17:08:39.146Z"}
{"level":"info","message":"Connected to mongodb://localhost/vidly_test...","timestamp":"2021-04-20T17:08:39.206Z"}
{"level":"info","message":"Listening on port 3000...","timestamp":"2021-04-20T17:10:01.958Z"}
{"level":"info","message":"Connected to mongodb://localhost/vidly_test...","timestamp":"2021-04-20T17:10:01.992Z"}
{"level":"info","message":"Listening on port 3000...","timestamp":"2021-04-20T17:10:18.487Z"}
{"level":"info","message":"Connected to mongodb://localhost/vidly_test...","timestamp":"2021-04-20T17:10:18.527Z"}
{"level":"info","message":"Listening on port 3000...","timestamp":"2021-04-20T17:10:25.888Z"}
{"level":"info","message":"Connected to mongodb://localhost/vidly_test...","timestamp":"2021-04-20T17:10:25.918Z"}
{"level":"info","message":"Listening on port 3000...","timestamp":"2021-04-20T17:11:32.384Z"}
{"level":"info","message":"Connected to mongodb://localhost/vidly_test...","timestamp":"2021-04-20T17:11:32.412Z"}
{"level":"info","message":"Listening on port 3000...","timestamp":"2021-04-20T17:11:53.405Z"}
{"level":"info","message":"Connected to mongodb://localhost/vidly_test...","timestamp":"2021-04-20T17:11:53.436Z"}
{"level":"info","message":"Listening on port 3000...","timestamp":"2021-04-20T17:12:06.902Z"}
{"level":"info","message":"Connected to mongodb://localhost/vidly_test...","timestamp":"2021-04-20T17:12:06.940Z"}
{"level":"info","message":"Listening on port 3000...","timestamp":"2021-04-20T17:12:54.773Z"}
{"level":"info","message":"Connected to mongodb://localhost/vidly_test...","timestamp":"2021-04-20T17:12:54.827Z"}
{"level":"info","message":"Listening on port 3000...","timestamp":"2021-04-20T17:13:29.901Z"}
{"level":"info","message":"Connected to mongodb://localhost/vidly_test...","timestamp":"2021-04-20T17:13:29.950Z"}
{"level":"info","message":"Listening on port 3000...","timestamp":"2021-04-20T17:14:45.922Z"}
{"level":"info","message":"Connected to mongodb://localhost/vidly_test...","timestamp":"2021-04-20T17:14:45.960Z"}
{"level":"info","message":"Listening on port 3000...","timestamp":"2021-04-20T17:15:08.094Z"}
{"level":"info","message":"Connected to mongodb://localhost/vidly_test...","timestamp":"2021-04-20T17:15:08.125Z"}
{"level":"info","message":"Listening on port 3000...","timestamp":"2021-04-20T17:16:27.439Z"}
{"level":"info","message":"Connected to mongodb://localhost/vidly_test...","timestamp":"2021-04-20T17:16:27.472Z"}
{"level":"info","message":"Listening on port 3000...","timestamp":"2021-04-20T17:16:56.831Z"}
{"level":"info","message":"Connected to mongodb://localhost/vidly_test...","timestamp":"2021-04-20T17:16:56.861Z"}
{"level":"info","message":"Listening on port 3000...","timestamp":"2021-04-20T17:17:51.175Z"}
{"level":"info","message":"Connected to mongodb://localhost/vidly_test...","timestamp":"2021-04-20T17:17:51.205Z"}
{"level":"info","message":"Listening on port 3000...","timestamp":"2021-04-20T17:18:03.475Z"}
{"level":"info","message":"Connected to mongodb://localhost/vidly_test...","timestamp":"2021-04-20T17:18:03.509Z"}
{"level":"info","message":"Listening on port 3000...","timestamp":"2021-04-20T17:18:51.543Z"}
{"level":"info","message":"Connected to mongodb://localhost/vidly_test...","timestamp":"2021-04-20T17:18:51.573Z"}
{"level":"info","message":"Listening on port 3000...","timestamp":"2021-04-20T17:24:29.780Z"}
{"level":"info","message":"Connected to mongodb://localhost/vidly_test...","timestamp":"2021-04-20T17:24:29.812Z"}
{"level":"info","message":"Listening on port 3000...","timestamp":"2021-04-20T17:25:21.947Z"}
{"level":"info","message":"Connected to mongodb://localhost/vidly_test...","timestamp":"2021-04-20T17:25:21.981Z"}
{"message":"Cast to ObjectId failed for value \"1\" at path \"_id\" for model \"Genre\"","stack":"CastError: Cast to ObjectId failed for value \"1\" at path \"_id\" for model \"Genre\"\n    at new CastError (/media/bashar/Disk/WorkSpaces/Workspace_NodeJs/project/Vidly/node_modules/mongoose/lib/error/cast.js:27:11)\n    at ObjectId.Object.<anonymous>.ObjectId.cast (/media/bashar/Disk/WorkSpaces/Workspace_NodeJs/project/Vidly/node_modules/mongoose/lib/schema/objectid.js:158:13)\n    at ObjectId.Object.<anonymous>.SchemaType.applySetters (/media/bashar/Disk/WorkSpaces/Workspace_NodeJs/project/Vidly/node_modules/mongoose/lib/schematype.js:701:12)\n    at ObjectId.Object.<anonymous>.SchemaType._castForQuery (/media/bashar/Disk/WorkSpaces/Workspace_NodeJs/project/Vidly/node_modules/mongoose/lib/schematype.js:1072:15)\n    at ObjectId.Object.<anonymous>.ObjectId.castForQuery (/media/bashar/Disk/WorkSpaces/Workspace_NodeJs/project/Vidly/node_modules/mongoose/lib/schema/objectid.js:198:15)\n    at ObjectId.Object.<anonymous>.SchemaType.castForQueryWrapper (/media/bashar/Disk/WorkSpaces/Workspace_NodeJs/project/Vidly/node_modules/mongoose/lib/schematype.js:1041:15)\n    at cast (/media/bashar/Disk/WorkSpaces/Workspace_NodeJs/project/Vidly/node_modules/mongoose/lib/cast.js:269:32)\n    at model.Query.Object.<anonymous>.Query.cast (/media/bashar/Disk/WorkSpaces/Workspace_NodeJs/project/Vidly/node_modules/mongoose/lib/query.js:3133:12)\n    at model.Query.Object.<anonymous>.Query._castConditions (/media/bashar/Disk/WorkSpaces/Workspace_NodeJs/project/Vidly/node_modules/mongoose/lib/query.js:1269:10)\n    at model.Query.Object.<anonymous>.Query._findOne (/media/bashar/Disk/WorkSpaces/Workspace_NodeJs/project/Vidly/node_modules/mongoose/lib/query.js:1485:8)\n    at /media/bashar/Disk/WorkSpaces/Workspace_NodeJs/project/Vidly/node_modules/kareem/index.js:276:8\n    at /media/bashar/Disk/WorkSpaces/Workspace_NodeJs/project/Vidly/node_modules/kareem/index.js:23:7\n    at process._tickCallback (internal/process/next_tick.js:61:11)","name":"CastError","stringValue":"\"1\"","kind":"ObjectId","value":"1","path":"_id","level":"error","timestamp":"2021-04-20T17:25:22.059Z"}
{"level":"info","message":"Listening on port 3000...","timestamp":"2021-04-20T17:25:38.427Z"}
{"level":"info","message":"Connected to mongodb://localhost/vidly_test...","timestamp":"2021-04-20T17:25:38.462Z"}
{"message":"Cast to ObjectId failed for value \"1\" at path \"_id\" for model \"Genre\"","stack":"CastError: Cast to ObjectId failed for value \"1\" at path \"_id\" for model \"Genre\"\n    at new CastError (/media/bashar/Disk/WorkSpaces/Workspace_NodeJs/project/Vidly/node_modules/mongoose/lib/error/cast.js:27:11)\n    at ObjectId.Object.<anonymous>.ObjectId.cast (/media/bashar/Disk/WorkSpaces/Workspace_NodeJs/project/Vidly/node_modules/mongoose/lib/schema/objectid.js:158:13)\n    at ObjectId.Object.<anonymous>.SchemaType.applySetters (/media/bashar/Disk/WorkSpaces/Workspace_NodeJs/project/Vidly/node_modules/mongoose/lib/schematype.js:701:12)\n    at ObjectId.Object.<anonymous>.SchemaType._castForQuery (/media/bashar/Disk/WorkSpaces/Workspace_NodeJs/project/Vidly/node_modules/mongoose/lib/schematype.js:1072:15)\n    at ObjectId.Object.<anonymous>.ObjectId.castForQuery (/media/bashar/Disk/WorkSpaces/Workspace_NodeJs/project/Vidly/node_modules/mongoose/lib/schema/objectid.js:198:15)\n    at ObjectId.Object.<anonymous>.SchemaType.castForQueryWrapper (/media/bashar/Disk/WorkSpaces/Workspace_NodeJs/project/Vidly/node_modules/mongoose/lib/schematype.js:1041:15)\n    at cast (/media/bashar/Disk/WorkSpaces/Workspace_NodeJs/project/Vidly/node_modules/mongoose/lib/cast.js:269:32)\n    at model.Query.Object.<anonymous>.Query.cast (/media/bashar/Disk/WorkSpaces/Workspace_NodeJs/project/Vidly/node_modules/mongoose/lib/query.js:3133:12)\n    at model.Query.Object.<anonymous>.Query._castConditions (/media/bashar/Disk/WorkSpaces/Workspace_NodeJs/project/Vidly/node_modules/mongoose/lib/query.js:1269:10)\n    at model.Query.Object.<anonymous>.Query._findOne (/media/bashar/Disk/WorkSpaces/Workspace_NodeJs/project/Vidly/node_modules/mongoose/lib/query.js:1485:8)\n    at /media/bashar/Disk/WorkSpaces/Workspace_NodeJs/project/Vidly/node_modules/kareem/index.js:276:8\n    at /media/bashar/Disk/WorkSpaces/Workspace_NodeJs/project/Vidly/node_modules/kareem/index.js:23:7\n    at process._tickCallback (internal/process/next_tick.js:61:11)","name":"CastError","stringValue":"\"1\"","kind":"ObjectId","value":"1","path":"_id","level":"error","timestamp":"2021-04-20T17:25:38.542Z"}
{"level":"info","message":"Listening on port 3000...","timestamp":"2021-04-20T18:52:10.121Z"}
{"level":"info","message":"Connected to mongodb://localhost/vidly_test...","timestamp":"2021-04-20T18:52:10.155Z"}
{"message":"Cast to ObjectId failed for value \"1\" at path \"_id\" for model \"Genre\"","stack":"CastError: Cast to ObjectId failed for value \"1\" at path \"_id\" for model \"Genre\"\n    at new CastError (/media/bashar/Disk/WorkSpaces/Workspace_NodeJs/project/Vidly/node_modules/mongoose/lib/error/cast.js:27:11)\n    at ObjectId.Object.<anonymous>.ObjectId.cast (/media/bashar/Disk/WorkSpaces/Workspace_NodeJs/project/Vidly/node_modules/mongoose/lib/schema/objectid.js:158:13)\n    at ObjectId.Object.<anonymous>.SchemaType.applySetters (/media/bashar/Disk/WorkSpaces/Workspace_NodeJs/project/Vidly/node_modules/mongoose/lib/schematype.js:701:12)\n    at ObjectId.Object.<anonymous>.SchemaType._castForQuery (/media/bashar/Disk/WorkSpaces/Workspace_NodeJs/project/Vidly/node_modules/mongoose/lib/schematype.js:1072:15)\n    at ObjectId.Object.<anonymous>.ObjectId.castForQuery (/media/bashar/Disk/WorkSpaces/Workspace_NodeJs/project/Vidly/node_modules/mongoose/lib/schema/objectid.js:198:15)\n    at ObjectId.Object.<anonymous>.SchemaType.castForQueryWrapper (/media/bashar/Disk/WorkSpaces/Workspace_NodeJs/project/Vidly/node_modules/mongoose/lib/schematype.js:1041:15)\n    at cast (/media/bashar/Disk/WorkSpaces/Workspace_NodeJs/project/Vidly/node_modules/mongoose/lib/cast.js:269:32)\n    at model.Query.Object.<anonymous>.Query.cast (/media/bashar/Disk/WorkSpaces/Workspace_NodeJs/project/Vidly/node_modules/mongoose/lib/query.js:3133:12)\n    at model.Query.Object.<anonymous>.Query._castConditions (/media/bashar/Disk/WorkSpaces/Workspace_NodeJs/project/Vidly/node_modules/mongoose/lib/query.js:1269:10)\n    at model.Query.Object.<anonymous>.Query._findOne (/media/bashar/Disk/WorkSpaces/Workspace_NodeJs/project/Vidly/node_modules/mongoose/lib/query.js:1485:8)\n    at /media/bashar/Disk/WorkSpaces/Workspace_NodeJs/project/Vidly/node_modules/kareem/index.js:276:8\n    at /media/bashar/Disk/WorkSpaces/Workspace_NodeJs/project/Vidly/node_modules/kareem/index.js:23:7\n    at process._tickCallback (internal/process/next_tick.js:61:11)","name":"CastError","stringValue":"\"1\"","kind":"ObjectId","value":"1","path":"_id","level":"error","timestamp":"2021-04-20T18:52:10.233Z"}
{"level":"info","message":"Listening on port 3000...","timestamp":"2021-04-20T18:53:11.253Z"}
{"level":"info","message":"Connected to mongodb://localhost/vidly_test...","timestamp":"2021-04-20T18:53:11.288Z"}
{"level":"info","message":"Listening on port 3000...","timestamp":"2021-04-20T18:54:52.142Z"}
{"level":"info","message":"Connected to mongodb://localhost/vidly_test...","timestamp":"2021-04-20T18:54:52.171Z"}
{"level":"info","message":"Listening on port 3000...","timestamp":"2021-04-20T18:55:11.602Z"}
{"level":"info","message":"Connected to mongodb://localhost/vidly_test...","timestamp":"2021-04-20T18:55:11.632Z"}
{"level":"info","message":"Listening on port 3000...","timestamp":"2021-04-20T18:55:51.329Z"}
{"level":"info","message":"Connected to mongodb://localhost/vidly_test...","timestamp":"2021-04-20T18:55:51.358Z"}
{"level":"info","message":"Listening on port 3000...","timestamp":"2021-04-20T18:56:07.740Z"}
{"level":"info","message":"Connected to mongodb://localhost/vidly_test...","timestamp":"2021-04-20T18:56:07.774Z"}
{"level":"info","message":"Listening on port 3000...","timestamp":"2021-04-20T18:58:57.467Z"}
{"level":"info","message":"Connected to mongodb://localhost/vidly_test...","timestamp":"2021-04-20T18:58:57.502Z"}
{"level":"info","message":"Listening on port 3000...","timestamp":"2021-04-20T18:59:17.740Z"}
{"level":"info","message":"Connected to mongodb://localhost/vidly_test...","timestamp":"2021-04-20T18:59:17.774Z"}
{"level":"info","message":"Listening on port 3000...","timestamp":"2021-04-20T19:06:51.909Z"}
{"level":"info","message":"Connected to mongodb://localhost/vidly_test...","timestamp":"2021-04-20T19:06:51.955Z"}
{"level":"info","message":"Listening on port 3000...","timestamp":"2021-04-20T19:07:16.941Z"}
{"level":"info","message":"Connected to mongodb://localhost/vidly_test...","timestamp":"2021-04-20T19:07:16.988Z"}
